Error from server: pods "wlsadmin" not found
Forwarding from 127.0.0.1:5000 -> 5000
Forwarding from [::1]:5000 -> 5000
E1223 12:08:37.364797   15164 portforward.go:209] Unable to create listener: Error listen tcp4 127.0.0.1:8001: bind: Only one usage of each socket address (protocol/network address/port) is normally permitted.
Forwarding from [::1]:8001 -> 8001
E1223 16:08:37.113304   15164 portforward.go:175] lost connection to pod
er: Error listen tcp4 127.0.0.1:5000: bind: Only one usage of each socket address (protocol/network address/port) is normally permitted.
E1223 12:09:25.694849   15320 portforward.go:209] Unable to create listener: Error listen tcp6 [::1]:5000: bind: Only one usage of each socket address (protocol/network address/port) is normally permitted.
Unable to listen on port 5000: All listeners failed to create with the following errors: listen tcp4 127.0.0.1:5000: bind: Only one usage of each socket address (protocol/network address/port) is normally permitted., listen tcp6 [::1]:5000: bind: Only one usage of each socket address (protocol/network address/port) is normally permitted.
error: Unable to listen on any of the requested ports: [{5000 8001}]
Forwarding from 127.0.0.1:5001 -> 8001
Forwarding from [::1]:5001 -> 8001
Handling connection for 5001
Handling connection for 5001
Handling connection for 5001
Handling connection for 5001
Handling connection for 5001
Handling connection for 5001
Handling connection for 5001
Handling connection for 5001
Handling connection for 5001
Handling connection for 5001
Handling connection for 5001
Handling connection for 5001
E1223 16:25:32.988178   11668 portforward.go:175] lost connection to pod
error: at least 1 PORT is required for port-forward
See 'kubectl port-forward -h' for help and examples.
error: at least 1 PORT is required for port-forward
See 'kubectl port-forward -h' for help and examples.
error: Error parsing local port '1/1': strconv.ParseUint: parsing "1/1": invalid syntax
error: Error parsing local port '1/1': strconv.ParseUint: parsing "1/1": invalid syntax
Forwarding from 127.0.0.1:5001 -> 8001
Forwarding from [::1]:5001 -> 8001
Handling connection for 5001
Handling connection for 5001
Handling connection for 5001
E1223 19:14:49.339731   13768 portforward.go:175] lost connection to pod
